{
  "RSpec": {
    "coverage": {
      "/Users/gwendolynruiz/turing/1module/Enigma/lib/keys.rb": {
        "lines": [
          1,
          1,
          null,
          null,
          1,
          27,
          27,
          null,
          null,
          1,
          null,
          15,
          75,
          null,
          null,
          null,
          1,
          null,
          null,
          null,
          null,
          null,
          70,
          70,
          70,
          70,
          70,
          null,
          null,
          1,
          null,
          null,
          null,
          null,
          null,
          null,
          null,
          null,
          70,
          70,
          70,
          70,
          70,
          70,
          70,
          null,
          null,
          1,
          66,
          66,
          66,
          null,
          null
        ]
      },
      "/Users/gwendolynruiz/turing/1module/Enigma/lib/cipher.rb": {
        "lines": [
          1,
          null,
          1,
          1,
          null,
          null,
          null,
          null,
          null,
          null,
          1,
          15,
          15,
          15,
          15,
          15,
          15,
          null,
          null,
          1,
          65,
          65,
          null,
          null,
          1,
          7,
          7,
          7,
          41,
          15,
          15,
          26,
          9,
          9,
          17,
          9,
          9,
          8,
          8,
          8,
          null,
          null,
          7,
          null,
          null,
          1,
          9,
          9,
          9,
          51,
          19,
          19,
          32,
          11,
          11,
          21,
          11,
          11,
          10,
          10,
          10,
          null,
          null,
          9,
          null,
          null
        ]
      },
      "/Users/gwendolynruiz/turing/1module/Enigma/spec/enigma_spec.rb": {
        "lines": [
          1,
          1,
          1,
          1,
          1,
          null,
          1,
          null,
          4,
          null,
          1,
          1,
          null,
          null,
          1,
          1,
          1,
          1,
          1,
          1,
          null,
          null,
          1,
          1,
          1,
          1,
          1,
          1,
          null,
          null
        ]
      },
      "/Users/gwendolynruiz/turing/1module/Enigma/lib/enigma.rb": {
        "lines": [
          1,
          1,
          null,
          1,
          null,
          1,
          6,
          6,
          null,
          6,
          null,
          null,
          null,
          null,
          null,
          1,
          4,
          4,
          4,
          null,
          4,
          null,
          null,
          null,
          null,
          null
        ]
      },
      "/Users/gwendolynruiz/turing/1module/Enigma/spec/keys_spec.rb": {
        "lines": [
          1,
          1,
          1,
          null,
          1,
          null,
          7,
          7,
          null,
          1,
          1,
          1,
          null,
          null,
          1,
          1,
          1,
          null,
          1,
          1,
          null,
          null,
          1,
          1,
          1,
          null,
          null,
          1,
          1,
          1,
          null,
          1,
          1,
          null,
          null,
          1,
          1,
          1,
          null,
          1,
          1,
          null,
          null,
          1,
          1,
          1,
          1,
          null,
          1,
          1,
          1,
          null,
          null
        ]
      }
    },
    "timestamp": 1655062817
  }
}
