{
  "RSpec": {
    "coverage": {
      "/Users/gwendolynruiz/turing/1module/Enigma/lib/keys.rb": {
        "lines": [
          1,
          1,
          null,
          null,
          1,
          21,
          21,
          null,
          null,
          1,
          null,
          14,
          70,
          null,
          null,
          null,
          1,
          null,
          null,
          null,
          null,
          null,
          46,
          46,
          46,
          46,
          46,
          null,
          null,
          1,
          null,
          null,
          null,
          null,
          null,
          null,
          null,
          null,
          46,
          46,
          46,
          46,
          46,
          46,
          46,
          null,
          null,
          1,
          42,
          42,
          42,
          null,
          null
        ]
      },
      "/Users/gwendolynruiz/turing/1module/Enigma/lib/encrypt.rb": {
        "lines": [
          1,
          null,
          1,
          1,
          null,
          null,
          null,
          null,
          null,
          null,
          1,
          9,
          9,
          9,
          9,
          9,
          9,
          null,
          null,
          1,
          41,
          41,
          null,
          null,
          1,
          6,
          6,
          6,
          36,
          13,
          13,
          23,
          8,
          8,
          15,
          8,
          8,
          7,
          7,
          7,
          null,
          null,
          6,
          null,
          null,
          null
        ]
      },
      "/Users/gwendolynruiz/turing/1module/Enigma/spec/enigma_spec.rb": {
        "lines": [
          1,
          1,
          1,
          1,
          1,
          null,
          1,
          null,
          3,
          null,
          1,
          1,
          null,
          null,
          1,
          1,
          1,
          1,
          1,
          1,
          null,
          null
        ]
      },
      "/Users/gwendolynruiz/turing/1module/Enigma/lib/enigma.rb": {
        "lines": [
          1,
          1,
          null,
          1,
          null,
          1,
          5,
          5,
          null,
          5,
          null,
          null,
          null,
          null,
          null
        ]
      },
      "/Users/gwendolynruiz/turing/1module/Enigma/spec/keys_spec.rb": {
        "lines": [
          1,
          1,
          1,
          null,
          1,
          null,
          7,
          7,
          null,
          1,
          1,
          1,
          null,
          null,
          1,
          1,
          1,
          null,
          1,
          1,
          null,
          null,
          1,
          1,
          1,
          null,
          null,
          1,
          1,
          1,
          null,
          1,
          1,
          null,
          null,
          1,
          1,
          1,
          null,
          1,
          1,
          null,
          null,
          1,
          1,
          1,
          1,
          null,
          1,
          1,
          1,
          null,
          null
        ]
      }
    },
    "timestamp": 1654997327
  }
}
